{"/home/edwin/Documents/DEV/core-ui/packages/core-ui/src/components/atoms/Button/Button.styles.ts": {"path":"/home/edwin/Documents/DEV/core-ui/packages/core-ui/src/components/atoms/Button/Button.styles.ts","all":false,"statementMap":{"0":{"start":{"line":1,"column":0},"end":{"line":1,"column":39}},"1":{"start":{"line":2,"column":0},"end":{"line":2,"column":0}},"2":{"start":{"line":3,"column":0},"end":{"line":3,"column":42}},"3":{"start":{"line":4,"column":0},"end":{"line":4,"column":16}},"4":{"start":{"line":5,"column":0},"end":{"line":5,"column":15}},"5":{"start":{"line":6,"column":0},"end":{"line":6,"column":2}}},"s":{"0":1,"1":1,"2":1,"3":1,"4":1,"5":1},"branchMap":{},"b":{},"fnMap":{},"f":{}}
,"/home/edwin/Documents/DEV/core-ui/packages/core-ui/src/components/atoms/Button/Button.tsx": {"path":"/home/edwin/Documents/DEV/core-ui/packages/core-ui/src/components/atoms/Button/Button.tsx","all":false,"statementMap":{"0":{"start":{"line":1,"column":0},"end":{"line":1,"column":50}},"1":{"start":{"line":2,"column":0},"end":{"line":2,"column":47}},"2":{"start":{"line":3,"column":0},"end":{"line":3,"column":0}},"3":{"start":{"line":4,"column":0},"end":{"line":4,"column":73}},"4":{"start":{"line":5,"column":0},"end":{"line":5,"column":32}},"5":{"start":{"line":6,"column":0},"end":{"line":6,"column":1}},"6":{"start":{"line":7,"column":0},"end":{"line":7,"column":0}},"7":{"start":{"line":8,"column":0},"end":{"line":8,"column":52}},"8":{"start":{"line":9,"column":0},"end":{"line":9,"column":49}},"9":{"start":{"line":10,"column":0},"end":{"line":10,"column":2}},"10":{"start":{"line":11,"column":0},"end":{"line":11,"column":0}},"11":{"start":{"line":12,"column":0},"end":{"line":12,"column":22}}},"s":{"0":1,"1":1,"2":1,"3":1,"4":1,"5":1,"6":1,"7":1,"8":1,"9":1,"10":1,"11":1},"branchMap":{"0":{"type":"branch","line":8,"loc":{"start":{"line":8,"column":33},"end":{"line":10,"column":2}},"locations":[{"start":{"line":8,"column":33},"end":{"line":10,"column":2}}]}},"b":{"0":[1]},"fnMap":{"0":{"name":"Button","decl":{"start":{"line":8,"column":33},"end":{"line":10,"column":2}},"loc":{"start":{"line":8,"column":33},"end":{"line":10,"column":2}},"line":8}},"f":{"0":1}}
,"/home/edwin/Documents/DEV/core-ui/packages/core-ui/src/components/atoms/Button/index.ts": {"path":"/home/edwin/Documents/DEV/core-ui/packages/core-ui/src/components/atoms/Button/index.ts","all":false,"statementMap":{"0":{"start":{"line":1,"column":0},"end":{"line":1,"column":45}}},"s":{"0":1},"branchMap":{},"b":{},"fnMap":{},"f":{}}
}
